[0.288s] DEBUG:colcon:Command line arguments: ['/usr/bin/colcon', 'build']
[0.288s] DEBUG:colcon:Parsed command line arguments: Namespace(log_base=None, log_level=None, verb_name='build', build_base='build', install_base='install', merge_install=False, symlink_install=False, test_result_base=None, continue_on_error=False, executor='parallel', parallel_workers=2, event_handlers=None, ignore_user_meta=False, metas=['./colcon.meta'], base_paths=['.'], packages_ignore=None, packages_ignore_regex=None, paths=None, packages_up_to=None, packages_up_to_regex=None, packages_above=None, packages_above_and_dependencies=None, packages_above_depth=None, packages_select_by_dep=None, packages_skip_by_dep=None, packages_skip_up_to=None, packages_select_build_failed=False, packages_skip_build_finished=False, packages_select_test_failures=False, packages_skip_test_passed=False, packages_select=None, packages_skip=None, packages_select_regex=None, packages_skip_regex=None, packages_start=None, packages_end=None, allow_overriding=[], cmake_args=None, cmake_target=None, cmake_target_skip_unavailable=False, cmake_clean_cache=False, cmake_clean_first=False, cmake_force_configure=False, ament_cmake_args=None, catkin_cmake_args=None, catkin_skip_building_tests=False, verb_parser=<colcon_defaults.argument_parser.defaults.DefaultArgumentsDecorator object at 0x7ca7831dc160>, verb_extension=<colcon_core.verb.build.BuildVerb object at 0x7ca78319fcd0>, main=<bound method BuildVerb.main of <colcon_core.verb.build.BuildVerb object at 0x7ca78319fcd0>>)
[0.892s] Level 1:colcon.colcon_core.package_discovery:discover_packages(colcon_meta) check parameters
[0.893s] Level 1:colcon.colcon_core.package_discovery:discover_packages(recursive) check parameters
[0.893s] Level 1:colcon.colcon_core.package_discovery:discover_packages(ignore) check parameters
[0.893s] Level 1:colcon.colcon_core.package_discovery:discover_packages(path) check parameters
[0.893s] Level 1:colcon.colcon_core.package_discovery:discover_packages(colcon_meta) discover
[0.893s] Level 1:colcon.colcon_core.package_discovery:discover_packages(recursive) discover
[0.893s] INFO:colcon.colcon_core.package_discovery:Crawling recursively for packages in '/home/juandtovar/ros2_ws'
[0.894s] Level 1:colcon.colcon_core.package_identification:_identify(.) by extensions ['ignore', 'ignore_ament_install']
[0.895s] Level 1:colcon.colcon_core.package_identification:_identify(.) by extension 'ignore'
[0.895s] Level 1:colcon.colcon_core.package_identification:_identify(.) by extension 'ignore_ament_install'
[0.896s] Level 1:colcon.colcon_core.package_identification:_identify(.) by extensions ['colcon_pkg']
[0.896s] Level 1:colcon.colcon_core.package_identification:_identify(.) by extension 'colcon_pkg'
[0.897s] Level 1:colcon.colcon_core.package_identification:_identify(.) by extensions ['colcon_meta']
[0.897s] Level 1:colcon.colcon_core.package_identification:_identify(.) by extension 'colcon_meta'
[0.897s] Level 1:colcon.colcon_core.package_identification:_identify(.) by extensions ['ros']
[0.897s] Level 1:colcon.colcon_core.package_identification:_identify(.) by extension 'ros'
[0.932s] Level 1:colcon.colcon_core.package_identification:_identify(.) by extensions ['cmake', 'python']
[0.932s] Level 1:colcon.colcon_core.package_identification:_identify(.) by extension 'cmake'
[0.932s] Level 1:colcon.colcon_core.package_identification:_identify(.) by extension 'python'
[0.932s] Level 1:colcon.colcon_core.package_identification:_identify(.) by extensions ['python_setup_py']
[0.933s] Level 1:colcon.colcon_core.package_identification:_identify(.) by extension 'python_setup_py'
[0.933s] Level 1:colcon.colcon_core.package_identification:_identify(build) by extensions ['ignore', 'ignore_ament_install']
[0.934s] Level 1:colcon.colcon_core.package_identification:_identify(build) by extension 'ignore'
[0.934s] Level 1:colcon.colcon_core.package_identification:_identify(build) ignored
[0.934s] Level 1:colcon.colcon_core.package_identification:_identify(install) by extensions ['ignore', 'ignore_ament_install']
[0.935s] Level 1:colcon.colcon_core.package_identification:_identify(install) by extension 'ignore'
[0.935s] Level 1:colcon.colcon_core.package_identification:_identify(install) ignored
[0.936s] Level 1:colcon.colcon_core.package_identification:_identify(log) by extensions ['ignore', 'ignore_ament_install']
[0.936s] Level 1:colcon.colcon_core.package_identification:_identify(log) by extension 'ignore'
[0.936s] Level 1:colcon.colcon_core.package_identification:_identify(log) ignored
[0.937s] Level 1:colcon.colcon_core.package_identification:_identify(src) by extensions ['ignore', 'ignore_ament_install']
[0.937s] Level 1:colcon.colcon_core.package_identification:_identify(src) by extension 'ignore'
[0.937s] Level 1:colcon.colcon_core.package_identification:_identify(src) by extension 'ignore_ament_install'
[0.937s] Level 1:colcon.colcon_core.package_identification:_identify(src) by extensions ['colcon_pkg']
[0.938s] Level 1:colcon.colcon_core.package_identification:_identify(src) by extension 'colcon_pkg'
[0.938s] Level 1:colcon.colcon_core.package_identification:_identify(src) by extensions ['colcon_meta']
[0.938s] Level 1:colcon.colcon_core.package_identification:_identify(src) by extension 'colcon_meta'
[0.938s] Level 1:colcon.colcon_core.package_identification:_identify(src) by extensions ['ros']
[0.938s] Level 1:colcon.colcon_core.package_identification:_identify(src) by extension 'ros'
[0.938s] Level 1:colcon.colcon_core.package_identification:_identify(src) by extensions ['cmake', 'python']
[0.939s] Level 1:colcon.colcon_core.package_identification:_identify(src) by extension 'cmake'
[0.939s] Level 1:colcon.colcon_core.package_identification:_identify(src) by extension 'python'
[0.939s] Level 1:colcon.colcon_core.package_identification:_identify(src) by extensions ['python_setup_py']
[0.939s] Level 1:colcon.colcon_core.package_identification:_identify(src) by extension 'python_setup_py'
[0.940s] Level 1:colcon.colcon_core.package_identification:_identify(src/build) by extensions ['ignore', 'ignore_ament_install']
[0.940s] Level 1:colcon.colcon_core.package_identification:_identify(src/build) by extension 'ignore'
[0.941s] Level 1:colcon.colcon_core.package_identification:_identify(src/build) ignored
[0.941s] Level 1:colcon.colcon_core.package_identification:_identify(src/install) by extensions ['ignore', 'ignore_ament_install']
[0.942s] Level 1:colcon.colcon_core.package_identification:_identify(src/install) by extension 'ignore'
[0.942s] Level 1:colcon.colcon_core.package_identification:_identify(src/install) ignored
[0.943s] Level 1:colcon.colcon_core.package_identification:_identify(src/log) by extensions ['ignore', 'ignore_ament_install']
[0.943s] Level 1:colcon.colcon_core.package_identification:_identify(src/log) by extension 'ignore'
[0.944s] Level 1:colcon.colcon_core.package_identification:_identify(src/log) ignored
[0.944s] Level 1:colcon.colcon_core.package_identification:_identify(src/my_turtle_controller) by extensions ['ignore', 'ignore_ament_install']
[0.945s] Level 1:colcon.colcon_core.package_identification:_identify(src/my_turtle_controller) by extension 'ignore'
[0.945s] Level 1:colcon.colcon_core.package_identification:_identify(src/my_turtle_controller) by extension 'ignore_ament_install'
[0.945s] Level 1:colcon.colcon_core.package_identification:_identify(src/my_turtle_controller) by extensions ['colcon_pkg']
[0.946s] Level 1:colcon.colcon_core.package_identification:_identify(src/my_turtle_controller) by extension 'colcon_pkg'
[0.946s] Level 1:colcon.colcon_core.package_identification:_identify(src/my_turtle_controller) by extensions ['colcon_meta']
[0.947s] Level 1:colcon.colcon_core.package_identification:_identify(src/my_turtle_controller) by extension 'colcon_meta'
[0.947s] Level 1:colcon.colcon_core.package_identification:_identify(src/my_turtle_controller) by extensions ['ros']
[0.947s] Level 1:colcon.colcon_core.package_identification:_identify(src/my_turtle_controller) by extension 'ros'
[0.955s] DEBUG:colcon.colcon_core.package_identification:Package 'src/my_turtle_controller' with type 'ros.ament_python' and name 'my_turtle_controller'
[0.955s] Level 1:colcon.colcon_core.package_discovery:discover_packages(recursive) using defaults
[0.955s] Level 1:colcon.colcon_core.package_discovery:discover_packages(ignore) discover
[0.955s] Level 1:colcon.colcon_core.package_discovery:discover_packages(ignore) using defaults
[0.955s] Level 1:colcon.colcon_core.package_discovery:discover_packages(path) discover
[0.956s] Level 1:colcon.colcon_core.package_discovery:discover_packages(path) using defaults
[1.012s] Level 1:colcon.colcon_core.package_discovery:discover_packages(prefix_path) check parameters
[1.012s] Level 1:colcon.colcon_core.package_discovery:discover_packages(prefix_path) discover
[1.017s] DEBUG:colcon.colcon_installed_package_information.package_discovery:Found 1 installed packages in /home/juandtovar/ros2_ws/install
[1.020s] DEBUG:colcon.colcon_installed_package_information.package_discovery:Found 295 installed packages in /opt/ros/humble
[1.062s] Level 1:colcon.colcon_core.package_discovery:discover_packages(prefix_path) using defaults
[1.170s] Level 5:colcon.colcon_core.verb:set package 'my_turtle_controller' build argument 'cmake_args' from command line to 'None'
[1.170s] Level 5:colcon.colcon_core.verb:set package 'my_turtle_controller' build argument 'cmake_target' from command line to 'None'
[1.170s] Level 5:colcon.colcon_core.verb:set package 'my_turtle_controller' build argument 'cmake_target_skip_unavailable' from command line to 'False'
[1.170s] Level 5:colcon.colcon_core.verb:set package 'my_turtle_controller' build argument 'cmake_clean_cache' from command line to 'False'
[1.170s] Level 5:colcon.colcon_core.verb:set package 'my_turtle_controller' build argument 'cmake_clean_first' from command line to 'False'
[1.170s] Level 5:colcon.colcon_core.verb:set package 'my_turtle_controller' build argument 'cmake_force_configure' from command line to 'False'
[1.170s] Level 5:colcon.colcon_core.verb:set package 'my_turtle_controller' build argument 'ament_cmake_args' from command line to 'None'
[1.170s] Level 5:colcon.colcon_core.verb:set package 'my_turtle_controller' build argument 'catkin_cmake_args' from command line to 'None'
[1.171s] Level 5:colcon.colcon_core.verb:set package 'my_turtle_controller' build argument 'catkin_skip_building_tests' from command line to 'False'
[1.171s] DEBUG:colcon.colcon_core.verb:Building package 'my_turtle_controller' with the following arguments: {'ament_cmake_args': None, 'build_base': '/home/juandtovar/ros2_ws/build/my_turtle_controller', 'catkin_cmake_args': None, 'catkin_skip_building_tests': False, 'cmake_args': None, 'cmake_clean_cache': False, 'cmake_clean_first': False, 'cmake_force_configure': False, 'cmake_target': None, 'cmake_target_skip_unavailable': False, 'install_base': '/home/juandtovar/ros2_ws/install/my_turtle_controller', 'merge_install': False, 'path': '/home/juandtovar/ros2_ws/src/my_turtle_controller', 'symlink_install': False, 'test_result_base': None}
[1.171s] INFO:colcon.colcon_core.executor:Executing jobs using 'parallel' executor
[1.174s] DEBUG:colcon.colcon_parallel_executor.executor.parallel:run_until_complete
[1.176s] INFO:colcon.colcon_ros.task.ament_python.build:Building ROS package in '/home/juandtovar/ros2_ws/src/my_turtle_controller' with build type 'ament_python'
[1.176s] Level 1:colcon.colcon_core.shell:create_environment_hook('my_turtle_controller', 'ament_prefix_path')
[1.181s] INFO:colcon.colcon_core.plugin_system:Skipping extension 'colcon_core.shell.bat': Not used on non-Windows systems
[1.182s] INFO:colcon.colcon_core.shell:Creating environment hook '/home/juandtovar/ros2_ws/install/my_turtle_controller/share/my_turtle_controller/hook/ament_prefix_path.ps1'
[1.185s] INFO:colcon.colcon_core.shell:Creating environment descriptor '/home/juandtovar/ros2_ws/install/my_turtle_controller/share/my_turtle_controller/hook/ament_prefix_path.dsv'
[1.187s] INFO:colcon.colcon_core.shell:Creating environment hook '/home/juandtovar/ros2_ws/install/my_turtle_controller/share/my_turtle_controller/hook/ament_prefix_path.sh'
[1.190s] INFO:colcon.colcon_core.shell:Skip shell extension 'powershell' for command environment: Not usable outside of PowerShell
[1.191s] DEBUG:colcon.colcon_core.shell:Skip shell extension 'dsv' for command environment
[2.366s] INFO:colcon.colcon_core.task.python.build:Building Python package in '/home/juandtovar/ros2_ws/src/my_turtle_controller'
[2.367s] INFO:colcon.colcon_core.shell:Skip shell extension 'powershell' for command environment: Not usable outside of PowerShell
[2.368s] DEBUG:colcon.colcon_core.shell:Skip shell extension 'dsv' for command environment
[3.427s] DEBUG:colcon.colcon_core.event_handler.log_command:Invoking command in '/home/juandtovar/ros2_ws/src/my_turtle_controller': PYTHONPATH=/home/juandtovar/ros2_ws/build/my_turtle_controller/prefix_override:/usr/lib/python3/dist-packages/colcon_core/task/python/colcon_distutils_commands:/home/juandtovar/ros2_ws/install/my_turtle_controller/lib/python3.10/site-packages:${PYTHONPATH} /usr/bin/python3 -W ignore:setup.py install is deprecated -W ignore:easy_install command is deprecated setup.py egg_info --egg-base ../../build/my_turtle_controller build --build-base /home/juandtovar/ros2_ws/build/my_turtle_controller/build install --record /home/juandtovar/ros2_ws/build/my_turtle_controller/install.log --single-version-externally-managed install_data
[4.362s] DEBUG:colcon.colcon_core.event_handler.log_command:Invoked command in '/home/juandtovar/ros2_ws/src/my_turtle_controller' returned '0': PYTHONPATH=/home/juandtovar/ros2_ws/build/my_turtle_controller/prefix_override:/usr/lib/python3/dist-packages/colcon_core/task/python/colcon_distutils_commands:/home/juandtovar/ros2_ws/install/my_turtle_controller/lib/python3.10/site-packages:${PYTHONPATH} /usr/bin/python3 -W ignore:setup.py install is deprecated -W ignore:easy_install command is deprecated setup.py egg_info --egg-base ../../build/my_turtle_controller build --build-base /home/juandtovar/ros2_ws/build/my_turtle_controller/build install --record /home/juandtovar/ros2_ws/build/my_turtle_controller/install.log --single-version-externally-managed install_data
[4.369s] Level 1:colcon.colcon_core.environment:checking '/home/juandtovar/ros2_ws/install/my_turtle_controller' for CMake module files
[4.371s] Level 1:colcon.colcon_core.environment:checking '/home/juandtovar/ros2_ws/install/my_turtle_controller' for CMake config files
[4.373s] Level 1:colcon.colcon_core.environment:checking '/home/juandtovar/ros2_ws/install/my_turtle_controller/lib'
[4.374s] Level 1:colcon.colcon_core.environment:checking '/home/juandtovar/ros2_ws/install/my_turtle_controller/bin'
[4.375s] Level 1:colcon.colcon_core.environment:checking '/home/juandtovar/ros2_ws/install/my_turtle_controller/lib/pkgconfig/my_turtle_controller.pc'
[4.375s] Level 1:colcon.colcon_core.environment:checking '/home/juandtovar/ros2_ws/install/my_turtle_controller/lib/python3.10/site-packages'
[4.376s] Level 1:colcon.colcon_core.shell:create_environment_hook('my_turtle_controller', 'pythonpath')
[4.376s] INFO:colcon.colcon_core.shell:Creating environment hook '/home/juandtovar/ros2_ws/install/my_turtle_controller/share/my_turtle_controller/hook/pythonpath.ps1'
[4.380s] INFO:colcon.colcon_core.shell:Creating environment descriptor '/home/juandtovar/ros2_ws/install/my_turtle_controller/share/my_turtle_controller/hook/pythonpath.dsv'
[4.382s] INFO:colcon.colcon_core.shell:Creating environment hook '/home/juandtovar/ros2_ws/install/my_turtle_controller/share/my_turtle_controller/hook/pythonpath.sh'
[4.386s] Level 1:colcon.colcon_core.environment:checking '/home/juandtovar/ros2_ws/install/my_turtle_controller/bin'
[4.387s] Level 1:colcon.colcon_core.environment:create_environment_scripts_only(my_turtle_controller)
[4.388s] INFO:colcon.colcon_core.shell:Creating package script '/home/juandtovar/ros2_ws/install/my_turtle_controller/share/my_turtle_controller/package.ps1'
[4.393s] INFO:colcon.colcon_core.shell:Creating package descriptor '/home/juandtovar/ros2_ws/install/my_turtle_controller/share/my_turtle_controller/package.dsv'
[4.396s] INFO:colcon.colcon_core.shell:Creating package script '/home/juandtovar/ros2_ws/install/my_turtle_controller/share/my_turtle_controller/package.sh'
[4.401s] INFO:colcon.colcon_core.shell:Creating package script '/home/juandtovar/ros2_ws/install/my_turtle_controller/share/my_turtle_controller/package.bash'
[4.404s] INFO:colcon.colcon_core.shell:Creating package script '/home/juandtovar/ros2_ws/install/my_turtle_controller/share/my_turtle_controller/package.zsh'
[4.408s] Level 1:colcon.colcon_core.environment:create_file_with_runtime_dependencies(/home/juandtovar/ros2_ws/install/my_turtle_controller/share/colcon-core/packages/my_turtle_controller)
[4.409s] DEBUG:colcon.colcon_parallel_executor.executor.parallel:closing loop
[4.410s] DEBUG:colcon.colcon_parallel_executor.executor.parallel:loop closed
[4.410s] DEBUG:colcon.colcon_parallel_executor.executor.parallel:run_until_complete finished with '0'
[4.411s] DEBUG:colcon.colcon_core.event_reactor:joining thread
[4.432s] INFO:colcon.colcon_core.plugin_system:Skipping extension 'colcon_notification.desktop_notification.terminal_notifier': Not used on non-Darwin systems
[4.434s] INFO:colcon.colcon_core.plugin_system:Skipping extension 'colcon_notification.desktop_notification.win32': Not used on non-Windows systems
[4.434s] INFO:colcon.colcon_notification.desktop_notification:Sending desktop notification using 'notify2'
[4.487s] DEBUG:colcon.colcon_core.event_reactor:joined thread
[4.488s] INFO:colcon.colcon_core.shell:Creating prefix script '/home/juandtovar/ros2_ws/install/local_setup.ps1'
[4.493s] INFO:colcon.colcon_core.shell:Creating prefix util module '/home/juandtovar/ros2_ws/install/_local_setup_util_ps1.py'
[4.503s] INFO:colcon.colcon_core.shell:Creating prefix chain script '/home/juandtovar/ros2_ws/install/setup.ps1'
[4.511s] INFO:colcon.colcon_core.shell:Creating prefix script '/home/juandtovar/ros2_ws/install/local_setup.sh'
[4.514s] INFO:colcon.colcon_core.shell:Creating prefix util module '/home/juandtovar/ros2_ws/install/_local_setup_util_sh.py'
[4.517s] INFO:colcon.colcon_core.shell:Creating prefix chain script '/home/juandtovar/ros2_ws/install/setup.sh'
[4.522s] INFO:colcon.colcon_core.shell:Creating prefix script '/home/juandtovar/ros2_ws/install/local_setup.bash'
[4.526s] INFO:colcon.colcon_core.shell:Creating prefix chain script '/home/juandtovar/ros2_ws/install/setup.bash'
[4.533s] INFO:colcon.colcon_core.shell:Creating prefix script '/home/juandtovar/ros2_ws/install/local_setup.zsh'
[4.535s] INFO:colcon.colcon_core.shell:Creating prefix chain script '/home/juandtovar/ros2_ws/install/setup.zsh'
