[1.638s] Invoking command in '/home/juandtovar/ros2_ws/src/my_turtle_controller': PYTHONPATH=/home/juandtovar/ros2_ws/src/build/my_turtle_controller/prefix_override:/usr/lib/python3/dist-packages/colcon_core/task/python/colcon_distutils_commands:/home/juandtovar/ros2_ws/src/install/my_turtle_controller/lib/python3.10/site-packages:${PYTHONPATH} /usr/bin/python3 -W ignore:setup.py install is deprecated -W ignore:easy_install command is deprecated setup.py egg_info --egg-base ../build/my_turtle_controller build --build-base /home/juandtovar/ros2_ws/src/build/my_turtle_controller/build install --record /home/juandtovar/ros2_ws/src/build/my_turtle_controller/install.log --single-version-externally-managed install_data
[2.177s] running egg_info
[2.179s] creating ../build/my_turtle_controller/my_turtle_controller.egg-info
[2.181s] writing ../build/my_turtle_controller/my_turtle_controller.egg-info/PKG-INFO
[2.183s] writing dependency_links to ../build/my_turtle_controller/my_turtle_controller.egg-info/dependency_links.txt
[2.183s] writing entry points to ../build/my_turtle_controller/my_turtle_controller.egg-info/entry_points.txt
[2.184s] writing requirements to ../build/my_turtle_controller/my_turtle_controller.egg-info/requires.txt
[2.186s] writing top-level names to ../build/my_turtle_controller/my_turtle_controller.egg-info/top_level.txt
[2.187s] writing manifest file '../build/my_turtle_controller/my_turtle_controller.egg-info/SOURCES.txt'
[2.191s] reading manifest file '../build/my_turtle_controller/my_turtle_controller.egg-info/SOURCES.txt'
[2.195s] writing manifest file '../build/my_turtle_controller/my_turtle_controller.egg-info/SOURCES.txt'
[2.195s] running build
[2.195s] running build_py
[2.196s] creating /home/juandtovar/ros2_ws/src/build/my_turtle_controller/build
[2.196s] creating /home/juandtovar/ros2_ws/src/build/my_turtle_controller/build/lib
[2.196s] creating /home/juandtovar/ros2_ws/src/build/my_turtle_controller/build/lib/my_turtle_controller
[2.196s] copying my_turtle_controller/__init__.py -> /home/juandtovar/ros2_ws/src/build/my_turtle_controller/build/lib/my_turtle_controller
[2.197s] copying my_turtle_controller/move_turtle.py -> /home/juandtovar/ros2_ws/src/build/my_turtle_controller/build/lib/my_turtle_controller
[2.197s] running install
[2.198s] running install_lib
[2.200s] creating /home/juandtovar/ros2_ws/src/install/my_turtle_controller/lib/python3.10/site-packages/my_turtle_controller
[2.200s] copying /home/juandtovar/ros2_ws/src/build/my_turtle_controller/build/lib/my_turtle_controller/__init__.py -> /home/juandtovar/ros2_ws/src/install/my_turtle_controller/lib/python3.10/site-packages/my_turtle_controller
[2.200s] copying /home/juandtovar/ros2_ws/src/build/my_turtle_controller/build/lib/my_turtle_controller/move_turtle.py -> /home/juandtovar/ros2_ws/src/install/my_turtle_controller/lib/python3.10/site-packages/my_turtle_controller
[2.202s] byte-compiling /home/juandtovar/ros2_ws/src/install/my_turtle_controller/lib/python3.10/site-packages/my_turtle_controller/__init__.py to __init__.cpython-310.pyc
[2.203s] byte-compiling /home/juandtovar/ros2_ws/src/install/my_turtle_controller/lib/python3.10/site-packages/my_turtle_controller/move_turtle.py to move_turtle.cpython-310.pyc
[2.204s]   File "/home/juandtovar/ros2_ws/src/install/my_turtle_controller/lib/python3.10/site-packages/my_turtle_controller/move_turtle.py", line 19
[2.204s]     def boton_presionado(self, key)
[2.204s]                                    ^
[2.204s] running install_data
[2.205s] creating /home/juandtovar/ros2_ws/src/install/my_turtle_controller/share/ament_index
[2.205s] creating /home/juandtovar/ros2_ws/src/install/my_turtle_controller/share/ament_index/resource_index
[2.205s] creating /home/juandtovar/ros2_ws/src/install/my_turtle_controller/share/ament_index/resource_index/packages
[2.205s] copying resource/my_turtle_controller -> /home/juandtovar/ros2_ws/src/install/my_turtle_controller/share/ament_index/resource_index/packages
[2.205s] copying package.xml -> /home/juandtovar/ros2_ws/src/install/my_turtle_controller/share/my_turtle_controller
[2.205s] running install_egg_info
[2.205s] SyntaxError: expected ':'
[2.206s] 
[2.210s] Copying ../build/my_turtle_controller/my_turtle_controller.egg-info to /home/juandtovar/ros2_ws/src/install/my_turtle_controller/lib/python3.10/site-packages/my_turtle_controller-0.0.0-py3.10.egg-info
[2.211s] running install_scripts
[2.267s] Installing move_turtle script to /home/juandtovar/ros2_ws/src/install/my_turtle_controller/lib/my_turtle_controller
[2.268s] writing list of installed files to '/home/juandtovar/ros2_ws/src/build/my_turtle_controller/install.log'
[2.360s] Invoked command in '/home/juandtovar/ros2_ws/src/my_turtle_controller' returned '0': PYTHONPATH=/home/juandtovar/ros2_ws/src/build/my_turtle_controller/prefix_override:/usr/lib/python3/dist-packages/colcon_core/task/python/colcon_distutils_commands:/home/juandtovar/ros2_ws/src/install/my_turtle_controller/lib/python3.10/site-packages:${PYTHONPATH} /usr/bin/python3 -W ignore:setup.py install is deprecated -W ignore:easy_install command is deprecated setup.py egg_info --egg-base ../build/my_turtle_controller build --build-base /home/juandtovar/ros2_ws/src/build/my_turtle_controller/build install --record /home/juandtovar/ros2_ws/src/build/my_turtle_controller/install.log --single-version-externally-managed install_data
