[2.329s] Invoking command in '/home/juandtovar/ros2_ws/src/my_turtle_controller': PYTHONPATH=/home/juandtovar/ros2_ws/build/my_turtle_controller/prefix_override:/usr/lib/python3/dist-packages/colcon_core/task/python/colcon_distutils_commands:/home/juandtovar/ros2_ws/install/my_turtle_controller/lib/python3.10/site-packages:${PYTHONPATH} /usr/bin/python3 -W ignore:setup.py install is deprecated -W ignore:easy_install command is deprecated setup.py egg_info --egg-base ../../build/my_turtle_controller build --build-base /home/juandtovar/ros2_ws/build/my_turtle_controller/build install --record /home/juandtovar/ros2_ws/build/my_turtle_controller/install.log --single-version-externally-managed install_data
[3.098s] running egg_info
[3.101s] writing ../../build/my_turtle_controller/my_turtle_controller.egg-info/PKG-INFO
[3.106s] writing dependency_links to ../../build/my_turtle_controller/my_turtle_controller.egg-info/dependency_links.txt
[3.107s] writing entry points to ../../build/my_turtle_controller/my_turtle_controller.egg-info/entry_points.txt
[3.111s] writing requirements to ../../build/my_turtle_controller/my_turtle_controller.egg-info/requires.txt
[3.112s] writing top-level names to ../../build/my_turtle_controller/my_turtle_controller.egg-info/top_level.txt
[3.112s] reading manifest file '../../build/my_turtle_controller/my_turtle_controller.egg-info/SOURCES.txt'
[3.118s] writing manifest file '../../build/my_turtle_controller/my_turtle_controller.egg-info/SOURCES.txt'
[3.118s] running build
[3.119s] running build_py
[3.119s] copying my_turtle_controller/move_turtle.py -> /home/juandtovar/ros2_ws/build/my_turtle_controller/build/lib/my_turtle_controller
[3.119s] running install
[3.126s] running install_lib
[3.126s] copying /home/juandtovar/ros2_ws/build/my_turtle_controller/build/lib/my_turtle_controller/move_turtle.py -> /home/juandtovar/ros2_ws/install/my_turtle_controller/lib/python3.10/site-packages/my_turtle_controller
[3.129s] byte-compiling /home/juandtovar/ros2_ws/install/my_turtle_controller/lib/python3.10/site-packages/my_turtle_controller/move_turtle.py to move_turtle.cpython-310.pyc
[3.131s] running install_data
[3.131s] running install_egg_info
[3.140s] removing '/home/juandtovar/ros2_ws/install/my_turtle_controller/lib/python3.10/site-packages/my_turtle_controller-0.0.0-py3.10.egg-info' (and everything under it)
[3.143s] Copying ../../build/my_turtle_controller/my_turtle_controller.egg-info to /home/juandtovar/ros2_ws/install/my_turtle_controller/lib/python3.10/site-packages/my_turtle_controller-0.0.0-py3.10.egg-info
[3.150s] running install_scripts
[3.218s] Installing move_turtle script to /home/juandtovar/ros2_ws/install/my_turtle_controller/lib/my_turtle_controller
[3.221s] writing list of installed files to '/home/juandtovar/ros2_ws/build/my_turtle_controller/install.log'
[3.320s] Invoked command in '/home/juandtovar/ros2_ws/src/my_turtle_controller' returned '0': PYTHONPATH=/home/juandtovar/ros2_ws/build/my_turtle_controller/prefix_override:/usr/lib/python3/dist-packages/colcon_core/task/python/colcon_distutils_commands:/home/juandtovar/ros2_ws/install/my_turtle_controller/lib/python3.10/site-packages:${PYTHONPATH} /usr/bin/python3 -W ignore:setup.py install is deprecated -W ignore:easy_install command is deprecated setup.py egg_info --egg-base ../../build/my_turtle_controller build --build-base /home/juandtovar/ros2_ws/build/my_turtle_controller/build install --record /home/juandtovar/ros2_ws/build/my_turtle_controller/install.log --single-version-externally-managed install_data
