[2.190s] Invoking command in '/home/juandtovar/ros2_ws/src/my_turtle_controller': PYTHONPATH=/home/juandtovar/ros2_ws/build/my_turtle_controller/prefix_override:/usr/lib/python3/dist-packages/colcon_core/task/python/colcon_distutils_commands:/home/juandtovar/ros2_ws/install/my_turtle_controller/lib/python3.10/site-packages:${PYTHONPATH} /usr/bin/python3 -W ignore:setup.py install is deprecated -W ignore:easy_install command is deprecated setup.py egg_info --egg-base ../../build/my_turtle_controller build --build-base /home/juandtovar/ros2_ws/build/my_turtle_controller/build install --record /home/juandtovar/ros2_ws/build/my_turtle_controller/install.log --single-version-externally-managed install_data
[2.825s] running egg_info
[2.827s] writing ../../build/my_turtle_controller/my_turtle_controller.egg-info/PKG-INFO
[2.829s] writing dependency_links to ../../build/my_turtle_controller/my_turtle_controller.egg-info/dependency_links.txt
[2.832s] writing entry points to ../../build/my_turtle_controller/my_turtle_controller.egg-info/entry_points.txt
[2.832s] writing requirements to ../../build/my_turtle_controller/my_turtle_controller.egg-info/requires.txt
[2.832s] writing top-level names to ../../build/my_turtle_controller/my_turtle_controller.egg-info/top_level.txt
[2.838s] reading manifest file '../../build/my_turtle_controller/my_turtle_controller.egg-info/SOURCES.txt'
[2.843s] writing manifest file '../../build/my_turtle_controller/my_turtle_controller.egg-info/SOURCES.txt'
[2.844s] running build
[2.845s] running build_py
[2.848s] running install
[2.848s] running install_lib
[2.851s] running install_data
[2.853s] running install_egg_info
[2.858s] removing '/home/juandtovar/ros2_ws/install/my_turtle_controller/lib/python3.10/site-packages/my_turtle_controller-0.0.0-py3.10.egg-info' (and everything under it)
[2.861s] Copying ../../build/my_turtle_controller/my_turtle_controller.egg-info to /home/juandtovar/ros2_ws/install/my_turtle_controller/lib/python3.10/site-packages/my_turtle_controller-0.0.0-py3.10.egg-info
[2.866s] running install_scripts
[2.932s] Installing move_turtle script to /home/juandtovar/ros2_ws/install/my_turtle_controller/lib/my_turtle_controller
[2.934s] writing list of installed files to '/home/juandtovar/ros2_ws/build/my_turtle_controller/install.log'
[3.033s] Invoked command in '/home/juandtovar/ros2_ws/src/my_turtle_controller' returned '0': PYTHONPATH=/home/juandtovar/ros2_ws/build/my_turtle_controller/prefix_override:/usr/lib/python3/dist-packages/colcon_core/task/python/colcon_distutils_commands:/home/juandtovar/ros2_ws/install/my_turtle_controller/lib/python3.10/site-packages:${PYTHONPATH} /usr/bin/python3 -W ignore:setup.py install is deprecated -W ignore:easy_install command is deprecated setup.py egg_info --egg-base ../../build/my_turtle_controller build --build-base /home/juandtovar/ros2_ws/build/my_turtle_controller/build install --record /home/juandtovar/ros2_ws/build/my_turtle_controller/install.log --single-version-externally-managed install_data
