[1.796s] Invoking command in '/home/juandtovar/ros2_ws/src/my_turtle_controller': PYTHONPATH=/home/juandtovar/ros2_ws/build/my_turtle_controller/prefix_override:/usr/lib/python3/dist-packages/colcon_core/task/python/colcon_distutils_commands:/home/juandtovar/ros2_ws/install/my_turtle_controller/lib/python3.10/site-packages:${PYTHONPATH} /usr/bin/python3 -W ignore:setup.py install is deprecated -W ignore:easy_install command is deprecated setup.py egg_info --egg-base ../../build/my_turtle_controller build --build-base /home/juandtovar/ros2_ws/build/my_turtle_controller/build install --record /home/juandtovar/ros2_ws/build/my_turtle_controller/install.log --single-version-externally-managed install_data
[2.419s] running egg_info
[2.421s] writing ../../build/my_turtle_controller/my_turtle_controller.egg-info/PKG-INFO
[2.422s] writing dependency_links to ../../build/my_turtle_controller/my_turtle_controller.egg-info/dependency_links.txt
[2.423s] writing entry points to ../../build/my_turtle_controller/my_turtle_controller.egg-info/entry_points.txt
[2.424s] writing requirements to ../../build/my_turtle_controller/my_turtle_controller.egg-info/requires.txt
[2.427s] writing top-level names to ../../build/my_turtle_controller/my_turtle_controller.egg-info/top_level.txt
[2.432s] reading manifest file '../../build/my_turtle_controller/my_turtle_controller.egg-info/SOURCES.txt'
[2.435s] writing manifest file '../../build/my_turtle_controller/my_turtle_controller.egg-info/SOURCES.txt'
[2.435s] running build
[2.435s] running build_py
[2.438s] copying my_turtle_controller/move_turtle.py -> /home/juandtovar/ros2_ws/build/my_turtle_controller/build/lib/my_turtle_controller
[2.439s] running install
[2.439s] running install_lib
[2.441s] copying /home/juandtovar/ros2_ws/build/my_turtle_controller/build/lib/my_turtle_controller/move_turtle.py -> /home/juandtovar/ros2_ws/install/my_turtle_controller/lib/python3.10/site-packages/my_turtle_controller
[2.444s] byte-compiling /home/juandtovar/ros2_ws/install/my_turtle_controller/lib/python3.10/site-packages/my_turtle_controller/move_turtle.py to move_turtle.cpython-310.pyc
[2.446s] running install_data
[2.448s] running install_egg_info
[2.454s] removing '/home/juandtovar/ros2_ws/install/my_turtle_controller/lib/python3.10/site-packages/my_turtle_controller-0.0.0-py3.10.egg-info' (and everything under it)
[2.454s] Copying ../../build/my_turtle_controller/my_turtle_controller.egg-info to /home/juandtovar/ros2_ws/install/my_turtle_controller/lib/python3.10/site-packages/my_turtle_controller-0.0.0-py3.10.egg-info
[2.458s] running install_scripts
[2.520s] Installing move_turtle script to /home/juandtovar/ros2_ws/install/my_turtle_controller/lib/my_turtle_controller
[2.523s] writing list of installed files to '/home/juandtovar/ros2_ws/build/my_turtle_controller/install.log'
[2.618s] Invoked command in '/home/juandtovar/ros2_ws/src/my_turtle_controller' returned '0': PYTHONPATH=/home/juandtovar/ros2_ws/build/my_turtle_controller/prefix_override:/usr/lib/python3/dist-packages/colcon_core/task/python/colcon_distutils_commands:/home/juandtovar/ros2_ws/install/my_turtle_controller/lib/python3.10/site-packages:${PYTHONPATH} /usr/bin/python3 -W ignore:setup.py install is deprecated -W ignore:easy_install command is deprecated setup.py egg_info --egg-base ../../build/my_turtle_controller build --build-base /home/juandtovar/ros2_ws/build/my_turtle_controller/build install --record /home/juandtovar/ros2_ws/build/my_turtle_controller/install.log --single-version-externally-managed install_data
